Creating all 55 GitHub issues...
Note: We'll assign milestones after creation

=== Creating Configuration Review Issues (29) ===
https://github.com/aRustyDev/dotfiles/issues/2
https://github.com/aRustyDev/dotfiles/issues/3
https://github.com/aRustyDev/dotfiles/issues/4
https://github.com/aRustyDev/dotfiles/issues/5
https://github.com/aRustyDev/dotfiles/issues/6
https://github.com/aRustyDev/dotfiles/issues/7
https://github.com/aRustyDev/dotfiles/issues/8
https://github.com/aRustyDev/dotfiles/issues/9
https://github.com/aRustyDev/dotfiles/issues/10
https://github.com/aRustyDev/dotfiles/issues/11
https://github.com/aRustyDev/dotfiles/issues/12
https://github.com/aRustyDev/dotfiles/issues/13
https://github.com/aRustyDev/dotfiles/issues/14
https://github.com/aRustyDev/dotfiles/issues/15
https://github.com/aRustyDev/dotfiles/issues/16
https://github.com/aRustyDev/dotfiles/issues/17
https://github.com/aRustyDev/dotfiles/issues/18
https://github.com/aRustyDev/dotfiles/issues/19
https://github.com/aRustyDev/dotfiles/issues/20
https://github.com/aRustyDev/dotfiles/issues/21
https://github.com/aRustyDev/dotfiles/issues/22
https://github.com/aRustyDev/dotfiles/issues/23
https://github.com/aRustyDev/dotfiles/issues/24
https://github.com/aRustyDev/dotfiles/issues/25
https://github.com/aRustyDev/dotfiles/issues/26
https://github.com/aRustyDev/dotfiles/issues/27
https://github.com/aRustyDev/dotfiles/issues/28
https://github.com/aRustyDev/dotfiles/issues/29
https://github.com/aRustyDev/dotfiles/issues/30
Created 29 configuration review issues

=== Creating Special Feature Issues (3) ===
https://github.com/aRustyDev/dotfiles/issues/31
https://github.com/aRustyDev/dotfiles/issues/32
https://github.com/aRustyDev/dotfiles/issues/33
Created 3 special feature issues (Total: 32)

=== Creating Infrastructure Issues (10) ===
https://github.com/aRustyDev/dotfiles/issues/34
https://github.com/aRustyDev/dotfiles/issues/35
https://github.com/aRustyDev/dotfiles/issues/36
https://github.com/aRustyDev/dotfiles/issues/37
https://github.com/aRustyDev/dotfiles/issues/38
https://github.com/aRustyDev/dotfiles/issues/39
https://github.com/aRustyDev/dotfiles/issues/40
https://github.com/aRustyDev/dotfiles/issues/41
https://github.com/aRustyDev/dotfiles/issues/42
https://github.com/aRustyDev/dotfiles/issues/43
Created 10 infrastructure issues (Total: 42)

=== Creating Documentation Issues (8) ===
https://github.com/aRustyDev/dotfiles/issues/44
https://github.com/aRustyDev/dotfiles/issues/45
https://github.com/aRustyDev/dotfiles/issues/46
https://github.com/aRustyDev/dotfiles/issues/47
https://github.com/aRustyDev/dotfiles/issues/48
https://github.com/aRustyDev/dotfiles/issues/49
https://github.com/aRustyDev/dotfiles/issues/50
https://github.com/aRustyDev/dotfiles/issues/51
Created 8 documentation issues (Total: 50)

=== Creating Testing Issues (5) ===
https://github.com/aRustyDev/dotfiles/issues/52
https://github.com/aRustyDev/dotfiles/issues/53
https://github.com/aRustyDev/dotfiles/issues/54
https://github.com/aRustyDev/dotfiles/issues/55
https://github.com/aRustyDev/dotfiles/issues/56
Created 5 testing issues (Total: 55)

================================
✅ Total issues created: 55
================================

Next step: Link these issues to milestones and the project
